<?xml version="1.0" encoding="UTF-8"?>
<!-- Generated by org.testng.reporters.JUnitReportReporter -->
<testsuite hostname="DESKTOP-C8SIN83" failures="0" tests="1" name="FetchAllmobileNameInFlipkart" time="10.908" errors="0" timestamp="2023-04-27T12:30:03 IST" skipped="0">
  <testcase classname="FetchAllmobileNameInFlipkart" name="fetchmobilename" time="10.908"/>
  <system-out/>
</testsuite> <!-- FetchAllmobileNameInFlipkart -->
