<?xml version="1.0" encoding="UTF-8"?>
<!-- Generated by org.testng.reporters.JUnitReportReporter -->
<testsuite hostname="DESKTOP-C8SIN83" failures="0" tests="1" name="FetchAllProductNameAndPriceInFlipkart" time="57.078" errors="0" timestamp="2023-04-27T12:40:20 IST" skipped="0">
  <testcase classname="FetchAllProductNameAndPriceInFlipkart" name="fetchmobilename" time="57.078"/>
  <system-out/>
</testsuite> <!-- FetchAllProductNameAndPriceInFlipkart -->
