<?xml version="1.0" encoding="UTF-8"?>
<!-- Generated by org.testng.reporters.JUnitReportReporter -->
<testsuite hostname="DESKTOP-C8SIN83" failures="0" tests="1" name="FetchAllMobileNameAndPriceInFlipkart" time="59.394" errors="0" timestamp="2023-04-28T15:36:33 IST" skipped="0">
  <testcase classname="FetchAllMobileNameAndPriceInFlipkart" name="fetchmobilename" time="59.394"/>
  <system-out/>
</testsuite> <!-- FetchAllMobileNameAndPriceInFlipkart -->
