<?xml version="1.0" encoding="UTF-8"?>
<!-- Generated by org.testng.reporters.JUnitReportReporter -->
<testsuite hostname="DESKTOP-C8SIN83" failures="0" tests="1" name="WashingMachineSpecification" time="49.174" errors="0" timestamp="2023-04-26T12:40:40 IST" skipped="0">
  <testcase classname="WashingMachineSpecification" name="GetSpecification" time="49.174"/>
  <system-out/>
</testsuite> <!-- WashingMachineSpecification -->
